<?xml version="1.0" encoding="UTF-8"?>
<robot generator="Robot 4.1.1 (Python 3.8.10 on darwin)" generated="20220819 13:59:37.982" rpa="false" schemaversion="2">
<suite id="s1" name="Exercise" source="/Users/nathakrit/Documents/BluePi_AutomatedTest/testcases/exercise.robot">
<test id="s1-t1" name="Verify take1 and task3 are ramaining">
<kw name="​​Open responsive web browser with chrome" library="todo_list_keywords" type="SETUP">
<kw name="Open Browser" library="SeleniumLibrary">
<arg>${url}</arg>
<arg>gc</arg>
<doc>Opens a new browser instance to the optional ``url``.</doc>
<msg timestamp="20220819 13:59:38.165" level="INFO">Opening browser 'gc' to base url 'https://abhigyank.github.io/To-Do-List/'.</msg>
<status status="PASS" starttime="20220819 13:59:38.165" endtime="20220819 13:59:40.162"/>
</kw>
<kw name="Set Window Size" library="SeleniumLibrary">
<arg>${WIDTH_MOB_WEB}</arg>
<arg>${HEIGHT_MOB_WEB}</arg>
<doc>Sets current windows size to given ``width`` and ``height``.</doc>
<status status="PASS" starttime="20220819 13:59:40.163" endtime="20220819 13:59:40.272"/>
</kw>
<status status="PASS" starttime="20220819 13:59:38.165" endtime="20220819 13:59:40.273"/>
</kw>
<kw name="Add new to do list item" library="todo_list_keywords">
<arg>@{tasks}</arg>
<for flavor="IN">
<var>${task}</var>
<value>@{tasks}</value>
<iter>
<var name="${task}">Task1</var>
<kw name="Input Text" library="SeleniumLibrary">
<arg>${dict_page.txt_add_item}</arg>
<arg>${task}</arg>
<doc>Types the given ``text`` into the text field identified by ``locator``.</doc>
<msg timestamp="20220819 13:59:40.275" level="INFO">Typing text 'Task1' into text field 'xpath=//*[@id="new-task"]'.</msg>
<status status="PASS" starttime="20220819 13:59:40.274" endtime="20220819 13:59:40.387"/>
</kw>
<kw name="Click Element" library="SeleniumLibrary">
<arg>${dict_page.btn_add}</arg>
<doc>Click the element identified by ``locator``.</doc>
<msg timestamp="20220819 13:59:40.388" level="INFO">Clicking element 'xpath=//*[@id="add-item"]/button'.</msg>
<status status="PASS" starttime="20220819 13:59:40.387" endtime="20220819 13:59:40.423"/>
</kw>
<status status="PASS" starttime="20220819 13:59:40.274" endtime="20220819 13:59:40.423"/>
</iter>
<iter>
<var name="${task}">Task2</var>
<kw name="Input Text" library="SeleniumLibrary">
<arg>${dict_page.txt_add_item}</arg>
<arg>${task}</arg>
<doc>Types the given ``text`` into the text field identified by ``locator``.</doc>
<msg timestamp="20220819 13:59:40.424" level="INFO">Typing text 'Task2' into text field 'xpath=//*[@id="new-task"]'.</msg>
<status status="PASS" starttime="20220819 13:59:40.423" endtime="20220819 13:59:40.506"/>
</kw>
<kw name="Click Element" library="SeleniumLibrary">
<arg>${dict_page.btn_add}</arg>
<doc>Click the element identified by ``locator``.</doc>
<msg timestamp="20220819 13:59:40.507" level="INFO">Clicking element 'xpath=//*[@id="add-item"]/button'.</msg>
<status status="PASS" starttime="20220819 13:59:40.506" endtime="20220819 13:59:40.527"/>
</kw>
<status status="PASS" starttime="20220819 13:59:40.423" endtime="20220819 13:59:40.527"/>
</iter>
<iter>
<var name="${task}">Task3</var>
<kw name="Input Text" library="SeleniumLibrary">
<arg>${dict_page.txt_add_item}</arg>
<arg>${task}</arg>
<doc>Types the given ``text`` into the text field identified by ``locator``.</doc>
<msg timestamp="20220819 13:59:40.528" level="INFO">Typing text 'Task3' into text field 'xpath=//*[@id="new-task"]'.</msg>
<status status="PASS" starttime="20220819 13:59:40.528" endtime="20220819 13:59:40.607"/>
</kw>
<kw name="Click Element" library="SeleniumLibrary">
<arg>${dict_page.btn_add}</arg>
<doc>Click the element identified by ``locator``.</doc>
<msg timestamp="20220819 13:59:40.608" level="INFO">Clicking element 'xpath=//*[@id="add-item"]/button'.</msg>
<status status="PASS" starttime="20220819 13:59:40.607" endtime="20220819 13:59:40.626"/>
</kw>
<status status="PASS" starttime="20220819 13:59:40.528" endtime="20220819 13:59:40.627"/>
</iter>
<status status="PASS" starttime="20220819 13:59:40.273" endtime="20220819 13:59:40.627"/>
</for>
<status status="PASS" starttime="20220819 13:59:40.273" endtime="20220819 13:59:40.627"/>
</kw>
<kw name="Verify the item is already added into to do taks successfully" library="todo_list_keywords">
<arg>@{tasks}</arg>
<kw name="Click Element" library="SeleniumLibrary">
<arg>${dict_page.tab_todo_tasks}</arg>
<doc>Click the element identified by ``locator``.</doc>
<msg timestamp="20220819 13:59:40.628" level="INFO">Clicking element 'xpath=//*[@class="mdl-tabs__tab-bar"]/child::*[text()="To-Do Tasks"]'.</msg>
<status status="PASS" starttime="20220819 13:59:40.627" endtime="20220819 13:59:40.689"/>
</kw>
<kw name="Get Length" library="BuiltIn">
<var>${len}</var>
<arg>${tasks}</arg>
<doc>Returns and logs the length of the given item as an integer.</doc>
<msg timestamp="20220819 13:59:40.690" level="INFO">Length is 3</msg>
<msg timestamp="20220819 13:59:40.690" level="INFO">${len} = 3</msg>
<status status="PASS" starttime="20220819 13:59:40.689" endtime="20220819 13:59:40.690"/>
</kw>
<for flavor="IN RANGE">
<var>${task}</var>
<value>${len}</value>
<iter>
<var name="${task}">0</var>
<kw name="Format Text" library="todo_list_keywords">
<var>${ele}</var>
<arg>${dict_page.tasks}</arg>
<arg>$task_no=${task+1}</arg>
<kw name="Convert To Dictionary" library="Collections">
<var>${key_value_pairs}</var>
<arg>${key_value_pairs}</arg>
<doc>Converts the given ``item`` to a Python ``dict`` type.</doc>
<msg timestamp="20220819 13:59:40.692" level="INFO">${key_value_pairs} = {'$task_no': 1}</msg>
<status status="PASS" starttime="20220819 13:59:40.692" endtime="20220819 13:59:40.692"/>
</kw>
<kw name="Evaluate" library="BuiltIn">
<var>${result_text}</var>
<arg>unicode($format_string).format(**$key_value_pairs) if sys.version_info.major==2 else str($format_string).format(**$key_value_pairs)</arg>
<arg>modules=sys</arg>
<doc>Evaluates the given expression in Python and returns the result.</doc>
<msg timestamp="20220819 13:59:40.696" level="INFO">${result_text} = xpath=//*[@id="incomplete-tasks"]/child::*//*[@id="text-1"]</msg>
<status status="PASS" starttime="20220819 13:59:40.692" endtime="20220819 13:59:40.696"/>
</kw>
<msg timestamp="20220819 13:59:40.696" level="INFO">${ele} = xpath=//*[@id="incomplete-tasks"]/child::*//*[@id="text-1"]</msg>
<status status="PASS" starttime="20220819 13:59:40.690" endtime="20220819 13:59:40.696"/>
</kw>
<kw name="Element Should Contain" library="SeleniumLibrary">
<arg>${ele}</arg>
<arg>${tasks}[${task}]</arg>
<doc>Verifies that element ``locator`` contains text ``expected``.</doc>
<msg timestamp="20220819 13:59:40.718" level="INFO">Element 'xpath=//*[@id="incomplete-tasks"]/child::*//*[@id="text-1"]' contains text 'Task1'.</msg>
<status status="PASS" starttime="20220819 13:59:40.696" endtime="20220819 13:59:40.719"/>
</kw>
<status status="PASS" starttime="20220819 13:59:40.690" endtime="20220819 13:59:40.719"/>
</iter>
<iter>
<var name="${task}">1</var>
<kw name="Format Text" library="todo_list_keywords">
<var>${ele}</var>
<arg>${dict_page.tasks}</arg>
<arg>$task_no=${task+1}</arg>
<kw name="Convert To Dictionary" library="Collections">
<var>${key_value_pairs}</var>
<arg>${key_value_pairs}</arg>
<doc>Converts the given ``item`` to a Python ``dict`` type.</doc>
<msg timestamp="20220819 13:59:40.721" level="INFO">${key_value_pairs} = {'$task_no': 2}</msg>
<status status="PASS" starttime="20220819 13:59:40.720" endtime="20220819 13:59:40.721"/>
</kw>
<kw name="Evaluate" library="BuiltIn">
<var>${result_text}</var>
<arg>unicode($format_string).format(**$key_value_pairs) if sys.version_info.major==2 else str($format_string).format(**$key_value_pairs)</arg>
<arg>modules=sys</arg>
<doc>Evaluates the given expression in Python and returns the result.</doc>
<msg timestamp="20220819 13:59:40.721" level="INFO">${result_text} = xpath=//*[@id="incomplete-tasks"]/child::*//*[@id="text-2"]</msg>
<status status="PASS" starttime="20220819 13:59:40.721" endtime="20220819 13:59:40.721"/>
</kw>
<msg timestamp="20220819 13:59:40.722" level="INFO">${ele} = xpath=//*[@id="incomplete-tasks"]/child::*//*[@id="text-2"]</msg>
<status status="PASS" starttime="20220819 13:59:40.719" endtime="20220819 13:59:40.722"/>
</kw>
<kw name="Element Should Contain" library="SeleniumLibrary">
<arg>${ele}</arg>
<arg>${tasks}[${task}]</arg>
<doc>Verifies that element ``locator`` contains text ``expected``.</doc>
<msg timestamp="20220819 13:59:40.740" level="INFO">Element 'xpath=//*[@id="incomplete-tasks"]/child::*//*[@id="text-2"]' contains text 'Task2'.</msg>
<status status="PASS" starttime="20220819 13:59:40.722" endtime="20220819 13:59:40.740"/>
</kw>
<status status="PASS" starttime="20220819 13:59:40.719" endtime="20220819 13:59:40.740"/>
</iter>
<iter>
<var name="${task}">2</var>
<kw name="Format Text" library="todo_list_keywords">
<var>${ele}</var>
<arg>${dict_page.tasks}</arg>
<arg>$task_no=${task+1}</arg>
<kw name="Convert To Dictionary" library="Collections">
<var>${key_value_pairs}</var>
<arg>${key_value_pairs}</arg>
<doc>Converts the given ``item`` to a Python ``dict`` type.</doc>
<msg timestamp="20220819 13:59:40.742" level="INFO">${key_value_pairs} = {'$task_no': 3}</msg>
<status status="PASS" starttime="20220819 13:59:40.742" endtime="20220819 13:59:40.742"/>
</kw>
<kw name="Evaluate" library="BuiltIn">
<var>${result_text}</var>
<arg>unicode($format_string).format(**$key_value_pairs) if sys.version_info.major==2 else str($format_string).format(**$key_value_pairs)</arg>
<arg>modules=sys</arg>
<doc>Evaluates the given expression in Python and returns the result.</doc>
<msg timestamp="20220819 13:59:40.743" level="INFO">${result_text} = xpath=//*[@id="incomplete-tasks"]/child::*//*[@id="text-3"]</msg>
<status status="PASS" starttime="20220819 13:59:40.743" endtime="20220819 13:59:40.743"/>
</kw>
<msg timestamp="20220819 13:59:40.743" level="INFO">${ele} = xpath=//*[@id="incomplete-tasks"]/child::*//*[@id="text-3"]</msg>
<status status="PASS" starttime="20220819 13:59:40.741" endtime="20220819 13:59:40.743"/>
</kw>
<kw name="Element Should Contain" library="SeleniumLibrary">
<arg>${ele}</arg>
<arg>${tasks}[${task}]</arg>
<doc>Verifies that element ``locator`` contains text ``expected``.</doc>
<msg timestamp="20220819 13:59:40.762" level="INFO">Element 'xpath=//*[@id="incomplete-tasks"]/child::*//*[@id="text-3"]' contains text 'Task3'.</msg>
<status status="PASS" starttime="20220819 13:59:40.744" endtime="20220819 13:59:40.762"/>
</kw>
<status status="PASS" starttime="20220819 13:59:40.741" endtime="20220819 13:59:40.762"/>
</iter>
<status status="PASS" starttime="20220819 13:59:40.690" endtime="20220819 13:59:40.762"/>
</for>
<status status="PASS" starttime="20220819 13:59:40.627" endtime="20220819 13:59:40.762"/>
</kw>
<kw name="Delete Task2" library="todo_list_keywords">
<kw name="Click Element" library="SeleniumLibrary">
<arg>${dict_page.btn_delete_task2}</arg>
<doc>Click the element identified by ``locator``.</doc>
<msg timestamp="20220819 13:59:40.763" level="INFO">Clicking element 'xpath=(//*[@id="incomplete-tasks"]/child::*)[2]/button'.</msg>
<status status="PASS" starttime="20220819 13:59:40.763" endtime="20220819 13:59:40.796"/>
</kw>
<status status="PASS" starttime="20220819 13:59:40.762" endtime="20220819 13:59:40.797"/>
</kw>
<kw name="Verify task1 and task3 are remain" library="todo_list_keywords">
<kw name="Element Should Contain" library="SeleniumLibrary">
<arg>${dict_page.ele_task1}</arg>
<arg>Task1</arg>
<doc>Verifies that element ``locator`` contains text ``expected``.</doc>
<msg timestamp="20220819 13:59:40.819" level="INFO">Element 'xpath=//*[@id="text-1"]' contains text 'Task1'.</msg>
<status status="PASS" starttime="20220819 13:59:40.797" endtime="20220819 13:59:40.819"/>
</kw>
<kw name="Element Should Contain" library="SeleniumLibrary">
<arg>${dict_page.ele_task3}</arg>
<arg>Task3</arg>
<doc>Verifies that element ``locator`` contains text ``expected``.</doc>
<msg timestamp="20220819 13:59:40.838" level="INFO">Element 'xpath=//*[@id="text-2"]' contains text 'Task3'.</msg>
<status status="PASS" starttime="20220819 13:59:40.819" endtime="20220819 13:59:40.838"/>
</kw>
<status status="PASS" starttime="20220819 13:59:40.797" endtime="20220819 13:59:40.838"/>
</kw>
<tag>tc5</tag>
<status status="PASS" starttime="20220819 13:59:38.164" endtime="20220819 13:59:40.839"/>
</test>
<status status="PASS" starttime="20220819 13:59:37.983" endtime="20220819 13:59:40.839"/>
</suite>
<statistics>
<total>
<stat pass="1" fail="0" skip="0">All Tests</stat>
</total>
<tag>
<stat pass="1" fail="0" skip="0">tc5</stat>
</tag>
<suite>
<stat pass="1" fail="0" skip="0" id="s1" name="Exercise">Exercise</stat>
</suite>
</statistics>
<errors>
</errors>
</robot>
